0 info it worked if it ends with ok
1 verbose cli [ '/usr/local/bin/node', '/usr/local/bin/npm', 'install', '-d' ]
2 info using npm@2.15.1
3 info using node@v4.4.3
4 verbose readDependencies loading dependencies from /Users/sdu/Documents/nodeJS/package.json
5 warn package.json formidable-upload@0.0.1 No description
6 warn package.json formidable-upload@0.0.1 No repository field.
7 warn package.json formidable-upload@0.0.1 No README data
8 warn package.json formidable-upload@0.0.1 No license field.
9 verbose install where, deps [ '/Users/sdu/Documents/nodeJS', [ 'formidable' ] ]
10 verbose install where, peers [ '/Users/sdu/Documents/nodeJS', [] ]
11 verbose installManyTop reading for lifecycle /Users/sdu/Documents/nodeJS/package.json
12 info preinstall formidable-upload@0.0.1
13 verbose readDependencies loading dependencies from /Users/sdu/Documents/nodeJS/package.json
14 silly cache add args [ 'formidable@1.0.14', null ]
15 verbose cache add spec formidable@1.0.14
16 silly cache add parsed spec Result {
16 silly cache add   raw: 'formidable@1.0.14',
16 silly cache add   scope: null,
16 silly cache add   name: 'formidable',
16 silly cache add   rawSpec: '1.0.14',
16 silly cache add   spec: '1.0.14',
16 silly cache add   type: 'version' }
17 silly addNamed formidable@1.0.14
18 verbose addNamed "1.0.14" is a plain semver version for formidable
19 silly mapToRegistry name formidable
20 silly mapToRegistry using default registry
21 silly mapToRegistry registry https://registry.npmjs.org/
22 silly mapToRegistry data Result {
22 silly mapToRegistry   raw: 'formidable',
22 silly mapToRegistry   scope: null,
22 silly mapToRegistry   name: 'formidable',
22 silly mapToRegistry   rawSpec: '',
22 silly mapToRegistry   spec: 'latest',
22 silly mapToRegistry   type: 'tag' }
23 silly mapToRegistry uri https://registry.npmjs.org/formidable
24 verbose addNameVersion registry:https://registry.npmjs.org/formidable not in flight; fetching
25 verbose request uri https://registry.npmjs.org/formidable
26 verbose request no auth needed
27 info attempt registry request try #1 at 4:54:19 PM
28 verbose request id b4f134fc2f10f595
29 http request GET https://registry.npmjs.org/formidable
30 info retry will retry, error on last attempt: Error: connect ETIMEDOUT 151.101.0.162:443
31 info attempt registry request try #2 at 4:55:45 PM
32 http request GET https://registry.npmjs.org/formidable
33 info retry will retry, error on last attempt: Error: connect ETIMEDOUT 151.101.8.162:443
34 info attempt registry request try #3 at 4:58:00 PM
35 http request GET https://registry.npmjs.org/formidable
36 verbose stack Error: connect ETIMEDOUT 151.101.0.162:443
36 verbose stack     at Object.exports._errnoException (util.js:870:11)
36 verbose stack     at exports._exceptionWithHostPort (util.js:893:20)
36 verbose stack     at TCPConnectWrap.afterConnect [as oncomplete] (net.js:1061:14)
37 verbose cwd /Users/sdu/Documents/nodeJS
38 error Darwin 13.4.0
39 error argv "/usr/local/bin/node" "/usr/local/bin/npm" "install" "-d"
40 error node v4.4.3
41 error npm  v2.15.1
42 error code ETIMEDOUT
43 error errno ETIMEDOUT
44 error syscall connect
45 error network connect ETIMEDOUT 151.101.0.162:443
45 error network This is most likely not a problem with npm itself
45 error network and is related to network connectivity.
45 error network In most cases you are behind a proxy or have bad network settings.
45 error network
45 error network If you are behind a proxy, please make sure that the
45 error network 'proxy' config is set properly.  See: 'npm help config'
46 verbose exit [ 1, true ]
